\BOOKMARK [0][-]{Doc-Start}{Hak Cipta}{}% 1
\BOOKMARK [0][-]{chapter*.1}{Kata Pengantar}{}% 2
\BOOKMARK [0][-]{chapter*.2}{Ucapan Terima Kasih}{}% 3
\BOOKMARK [0][-]{chapter*.3}{Cara Menggunakan Buku}{}% 4
\BOOKMARK [0][-]{chapter*.4}{Daftar Notasi}{}% 5
\BOOKMARK [0][-]{chapter.1}{Pendahuluan}{}% 6
\BOOKMARK [1][-]{section.1.1}{Operasi-operasi Aljabar}{chapter.1}% 7
\BOOKMARK [1][-]{section.1.2}{Himpunan}{chapter.1}% 8
\BOOKMARK [1][-]{section.1.3}{Identitas Aljabar}{chapter.1}% 9
\BOOKMARK [0][-]{chapter.2}{Persamaan Kuadrat dan Fungsi Kuadrat}{}% 10
\BOOKMARK [1][-]{section.2.1}{Persamaan Kuadrat}{chapter.2}% 11
\BOOKMARK [1][-]{section.2.2}{Fungsi Kuadrat}{chapter.2}% 12
\BOOKMARK [1][-]{section.2.3}{Uji Kompetensi Bab 2}{chapter.2}% 13
\BOOKMARK [0][-]{chapter.3}{Pertidaksamaan}{}% 14
\BOOKMARK [1][-]{section.3.1}{Pertidaksamaan Polinomial}{chapter.3}% 15
\BOOKMARK [1][-]{section.3.2}{Pertidaksamaan Nilai Mutlak}{chapter.3}% 16
\BOOKMARK [1][-]{section.3.3}{Pertidaksamaan Rasional}{chapter.3}% 17
\BOOKMARK [1][-]{section.3.4}{Pertidaksamaan Irasional}{chapter.3}% 18
\BOOKMARK [1][-]{section.3.5}{Uji Kompetensi Bab 3}{chapter.3}% 19
\BOOKMARK [0][-]{chapter.4}{Eksponen dan Logaritma}{}% 20
\BOOKMARK [1][-]{section.4.1}{Eksponen}{chapter.4}% 21
\BOOKMARK [1][-]{section.4.2}{Logaritma}{chapter.4}% 22
\BOOKMARK [1][-]{section.4.3}{Uji Kompetensi Bab 4}{chapter.4}% 23
\BOOKMARK [0][-]{chapter.5}{Barisan dan Deret}{}% 24
\BOOKMARK [1][-]{section.5.1}{Barisan dan Deret Aritmetika}{chapter.5}% 25
\BOOKMARK [1][-]{section.5.2}{Barisan dan Deret Geometri}{chapter.5}% 26
\BOOKMARK [1][-]{section.5.3}{Uji Kompetensi Bab 5}{chapter.5}% 27
\BOOKMARK [0][-]{chapter.6}{Polinomial}{}% 28
\BOOKMARK [1][-]{section.6.1}{Derajat Polinomial dan Jenis-jenisnya}{chapter.6}% 29
\BOOKMARK [1][-]{section.6.2}{Pembagian Polinomial}{chapter.6}% 30
\BOOKMARK [1][-]{section.6.3}{Persamaan Polinomial}{chapter.6}% 31
\BOOKMARK [1][-]{section.6.4}{Fungsi Rasional dan Dekomposisi Pecahan Parsial}{chapter.6}% 32
\BOOKMARK [1][-]{section.6.5}{Uji Kompetensi Bab 6}{chapter.6}% 33
\BOOKMARK [0][-]{section*.22}{Apendiks}{}% 34
\BOOKMARK [0][-]{appendix.A}{Notasi Sigma dan Notasi Pi}{}% 35
\BOOKMARK [1][-]{section.A.1}{Notasi Sigma}{appendix.A}% 36
\BOOKMARK [1][-]{section.A.2}{Notasi Pi}{appendix.A}% 37
\BOOKMARK [1][-]{section.A.3}{Uji Kompetensi Apendiks A}{appendix.A}% 38
\BOOKMARK [0][-]{appendix.B}{Metode Pembuktian Matematika}{}% 39
\BOOKMARK [1][-]{section.B.1}{Pembuktian Langsung}{appendix.B}% 40
\BOOKMARK [1][-]{section.B.2}{Pembuktian Tidak Langsung}{appendix.B}% 41
\BOOKMARK [1][-]{section.B.3}{Induksi Matematika}{appendix.B}% 42
\BOOKMARK [1][-]{section.B.4}{Uji Kompetensi Apendiks B}{appendix.B}% 43
\BOOKMARK [0][-]{appendix*.23}{Tentang Penulis}{}% 44
\BOOKMARK [0][-]{appendix*.24}{Sumber-sumber Soal}{}% 45
\BOOKMARK [0][-]{section*.26}{Daftar Pustaka}{}% 46
